<?xml version="1.0" encoding="UTF-8"?>
<testng-results ignored="0" total="1" passed="1" failed="0" skipped="0">
  <reporter-output>
  </reporter-output>
  <suite started-at="2024-03-01T16:32:20 WAT" name="Default suite" finished-at="2024-03-01T16:34:49 WAT" duration-ms="148928">
    <groups>
    </groups>
    <test started-at="2024-03-01T16:32:20 WAT" name="Default test" finished-at="2024-03-01T16:34:49 WAT" duration-ms="148928">
      <class name="test.fundAccount">
        <test-method is-config="true" signature="setupTest()[pri:0, instance:test.fundAccount@54bff557]" started-at="2024-03-01T16:32:20 WAT" name="setupTest" finished-at="2024-03-01T16:32:46 WAT" duration-ms="25289" status="PASS">
          <reporter-output>
          </reporter-output>
        </test-method> <!-- setupTest -->
        <test-method is-config="true" signature="setup()[pri:0, instance:test.fundAccount@54bff557]" started-at="2024-03-01T16:32:46 WAT" name="setup" finished-at="2024-03-01T16:33:20 WAT" depends-on-methods="base.TestBase.setupTest" duration-ms="34042" status="PASS">
          <reporter-output>
          </reporter-output>
        </test-method> <!-- setup -->
        <test-method signature="ValidLoginTestToHomepage()[pri:1, instance:test.fundAccount@54bff557]" started-at="2024-03-01T16:33:20 WAT" name="ValidLoginTestToHomepage" description="Fund Account" finished-at="2024-03-01T16:34:49 WAT" duration-ms="89532" status="PASS">
          <reporter-output>
          </reporter-output>
        </test-method> <!-- ValidLoginTestToHomepage -->
      </class> <!-- test.fundAccount -->
    </test> <!-- Default test -->
  </suite> <!-- Default suite -->
</testng-results>
